<?xml version="1.0" encoding="UTF-8"?>
<testng-results ignored="0" total="1" passed="1" failed="0" skipped="0">
  <reporter-output>
  </reporter-output>
  <suite started-at="2025-05-03T15:42:04 PDT" name="Suite" finished-at="2025-05-03T15:42:04 PDT" duration-ms="49">
    <groups>
    </groups>
    <test started-at="2025-05-03T15:42:04 PDT" name="Test" finished-at="2025-05-03T15:42:04 PDT" duration-ms="49">
      <class name="scraping.RecepieScrap">
        <test-method is-config="true" signature="initializeDriver()[pri:0, instance:scraping.RecepieScrap@233795b6]" started-at="2025-05-03T15:41:52 PDT" name="initializeDriver" finished-at="2025-05-03T15:42:04 PDT" duration-ms="12256" status="PASS">
          <reporter-output>
          </reporter-output>
        </test-method> <!-- initializeDriver -->
        <test-method signature="testRecipeScraping()[pri:0, instance:scraping.RecepieScrap@233795b6]" started-at="2025-05-03T15:42:04 PDT" name="testRecipeScraping" finished-at="2025-05-03T15:42:04 PDT" duration-ms="17" status="PASS">
          <reporter-output>
          </reporter-output>
        </test-method> <!-- testRecipeScraping -->
        <test-method is-config="true" signature="quitDriver()[pri:0, instance:scraping.RecepieScrap@233795b6]" started-at="2025-05-03T15:42:04 PDT" name="quitDriver" finished-at="2025-05-03T15:42:05 PDT" duration-ms="301" status="PASS">
          <reporter-output>
          </reporter-output>
        </test-method> <!-- quitDriver -->
      </class> <!-- scraping.RecepieScrap -->
    </test> <!-- Test -->
  </suite> <!-- Suite -->
</testng-results>
